<?xml version="1.0" encoding="UTF-8"?>
<!-- Generated by org.testng.reporters.JUnitReportReporter -->
<testsuite hostname="LAPTOP-I8P5TER3" failures="0" tests="2" name="com.ecommerce.runners.RegisterTestRunner" time="37.035" errors="0" timestamp="2025-03-21T19:27:36 IST" skipped="0">
  <testcase classname="com.ecommerce.runners.RegisterTestRunner" name="runScenario" time="26.759"/>
  <system-out/>
  <testcase classname="com.ecommerce.runners.RegisterTestRunner" name="runScenario" time="10.276"/>
  <system-out/>
</testsuite> <!-- com.ecommerce.runners.RegisterTestRunner -->
