<?xml version="1.0" encoding="UTF-8"?>
<!-- Generated by org.testng.reporters.JUnitReportReporter -->
<testsuite hostname="LAPTOP-I8P5TER3" failures="0" tests="3" name="com.ecommerce.runners.LoginTestRunner" time="42.426" errors="0" timestamp="2025-03-21T19:27:36 IST" skipped="0">
  <testcase classname="com.ecommerce.runners.LoginTestRunner" name="runScenario" time="11.697"/>
  <system-out/>
  <testcase classname="com.ecommerce.runners.LoginTestRunner" name="runScenario" time="11.160"/>
  <system-out/>
  <testcase classname="com.ecommerce.runners.LoginTestRunner" name="runScenario" time="19.569"/>
  <system-out/>
</testsuite> <!-- com.ecommerce.runners.LoginTestRunner -->
