<?xml version="1.0" encoding="UTF-8"?>
<!-- Generated by org.testng.reporters.JUnitReportReporter -->
<testsuite hostname="LAPTOP-I8P5TER3" failures="0" tests="6" name="com.ecommerce.runners.ProductAndCartTestRunner" time="73.491" errors="0" timestamp="2025-03-21T19:27:36 IST" skipped="0">
  <testcase classname="com.ecommerce.runners.ProductAndCartTestRunner" name="runScenario" time="10.929"/>
  <system-out/>
  <testcase classname="com.ecommerce.runners.ProductAndCartTestRunner" name="runScenario" time="7.513"/>
  <system-out/>
  <testcase classname="com.ecommerce.runners.ProductAndCartTestRunner" name="runScenario" time="11.689"/>
  <system-out/>
  <testcase classname="com.ecommerce.runners.ProductAndCartTestRunner" name="runScenario" time="10.253"/>
  <system-out/>
  <testcase classname="com.ecommerce.runners.ProductAndCartTestRunner" name="runScenario" time="18.791"/>
  <system-out/>
  <testcase classname="com.ecommerce.runners.ProductAndCartTestRunner" name="runScenario" time="14.316"/>
  <system-out/>
</testsuite> <!-- com.ecommerce.runners.ProductAndCartTestRunner -->
